{"/Users/jimdebeer/dev/play/is/index.js":{"path":"/Users/jimdebeer/dev/play/is/index.js","s":{"1":1,"2":1,"3":1,"4":1,"5":6,"6":6,"7":6,"8":6,"9":6,"10":3,"11":3,"12":6,"13":6,"14":3,"15":0,"16":3,"17":3,"18":3,"19":1,"20":1,"21":3,"22":2,"23":1,"24":2,"25":1,"26":2,"27":6,"28":2,"29":2,"30":4,"31":1,"32":3,"33":3,"34":3,"35":3,"36":6},"b":{"1":[3,3],"2":[3,3],"3":[2,4],"4":[2,0],"5":[3,0],"6":[6,3]},"f":{"1":6,"2":6,"3":0,"4":3,"5":1,"6":2,"7":3},"fnMap":{"1":{"name":"(anonymous_1)","line":7,"loc":{"start":{"line":7,"column":5},"end":{"line":7,"column":28}}},"2":{"name":"(anonymous_2)","line":16,"loc":{"start":{"line":16,"column":16},"end":{"line":16,"column":35}}},"3":{"name":"(anonymous_3)","line":22,"loc":{"start":{"line":22,"column":19},"end":{"line":22,"column":31}}},"4":{"name":"(anonymous_4)","line":26,"loc":{"start":{"line":26,"column":28},"end":{"line":26,"column":65}}},"5":{"name":"(anonymous_5)","line":27,"loc":{"start":{"line":27,"column":17},"end":{"line":27,"column":29}}},"6":{"name":"(anonymous_6)","line":32,"loc":{"start":{"line":32,"column":19},"end":{"line":32,"column":42}}},"7":{"name":"is","line":48,"loc":{"start":{"line":48,"column":4},"end":{"line":48,"column":30}}}},"statementMap":{"1":{"start":{"line":2,"column":0},"end":{"line":2,"column":35}},"2":{"start":{"line":3,"column":0},"end":{"line":3,"column":38}},"3":{"start":{"line":4,"column":0},"end":{"line":4,"column":38}},"4":{"start":{"line":6,"column":0},"end":{"line":56,"column":1}},"5":{"start":{"line":8,"column":4},"end":{"line":8,"column":27}},"6":{"start":{"line":9,"column":4},"end":{"line":9,"column":27}},"7":{"start":{"line":10,"column":4},"end":{"line":10,"column":22}},"8":{"start":{"line":11,"column":4},"end":{"line":11,"column":24}},"9":{"start":{"line":13,"column":4},"end":{"line":19,"column":5}},"10":{"start":{"line":14,"column":6},"end":{"line":14,"column":19}},"11":{"start":{"line":16,"column":6},"end":{"line":18,"column":7}},"12":{"start":{"line":17,"column":8},"end":{"line":17,"column":29}},"13":{"start":{"line":21,"column":4},"end":{"line":38,"column":5}},"14":{"start":{"line":22,"column":6},"end":{"line":24,"column":7}},"15":{"start":{"line":23,"column":8},"end":{"line":23,"column":24}},"16":{"start":{"line":25,"column":6},"end":{"line":25,"column":39}},"17":{"start":{"line":26,"column":6},"end":{"line":37,"column":8}},"18":{"start":{"line":27,"column":8},"end":{"line":30,"column":10}},"19":{"start":{"line":28,"column":10},"end":{"line":28,"column":31}},"20":{"start":{"line":29,"column":10},"end":{"line":29,"column":44}},"21":{"start":{"line":32,"column":8},"end":{"line":36,"column":9}},"22":{"start":{"line":33,"column":10},"end":{"line":33,"column":57}},"23":{"start":{"line":33,"column":35},"end":{"line":33,"column":56}},"24":{"start":{"line":34,"column":10},"end":{"line":34,"column":70}},"25":{"start":{"line":34,"column":35},"end":{"line":34,"column":69}},"26":{"start":{"line":35,"column":10},"end":{"line":35,"column":36}},"27":{"start":{"line":40,"column":4},"end":{"line":46,"column":5}},"28":{"start":{"line":41,"column":6},"end":{"line":43,"column":7}},"29":{"start":{"line":42,"column":8},"end":{"line":42,"column":42}},"30":{"start":{"line":45,"column":6},"end":{"line":45,"column":25}},"31":{"start":{"line":48,"column":4},"end":{"line":53,"column":5}},"32":{"start":{"line":49,"column":6},"end":{"line":52,"column":7}},"33":{"start":{"line":50,"column":8},"end":{"line":50,"column":55}},"34":{"start":{"line":50,"column":33},"end":{"line":50,"column":54}},"35":{"start":{"line":51,"column":8},"end":{"line":51,"column":40}},"36":{"start":{"line":54,"column":4},"end":{"line":54,"column":26}}},"branchMap":{"1":{"line":13,"type":"if","locations":[{"start":{"line":13,"column":4},"end":{"line":13,"column":4}},{"start":{"line":13,"column":4},"end":{"line":13,"column":4}}]},"2":{"line":21,"type":"if","locations":[{"start":{"line":21,"column":4},"end":{"line":21,"column":4}},{"start":{"line":21,"column":4},"end":{"line":21,"column":4}}]},"3":{"line":40,"type":"if","locations":[{"start":{"line":40,"column":4},"end":{"line":40,"column":4}},{"start":{"line":40,"column":4},"end":{"line":40,"column":4}}]},"4":{"line":41,"type":"if","locations":[{"start":{"line":41,"column":6},"end":{"line":41,"column":6}},{"start":{"line":41,"column":6},"end":{"line":41,"column":6}}]},"5":{"line":49,"type":"if","locations":[{"start":{"line":49,"column":6},"end":{"line":49,"column":6}},{"start":{"line":49,"column":6},"end":{"line":49,"column":6}}]},"6":{"line":54,"type":"binary-expr","locations":[{"start":{"line":54,"column":11},"end":{"line":54,"column":18}},{"start":{"line":54,"column":22},"end":{"line":54,"column":26}}]}}}}