{"/Users/jimdebeer/dev/production/is/index.js":{"path":"/Users/jimdebeer/dev/production/is/index.js","s":{"1":1,"2":1,"3":1,"4":5,"5":5,"6":5,"7":5,"8":5,"9":3,"10":2,"11":4,"12":5,"13":3,"14":1,"15":3,"16":3,"17":3,"18":1,"19":1,"20":3,"21":2,"22":2,"23":5,"24":2,"25":2,"26":3,"27":1,"28":3,"29":2,"30":2,"31":5},"b":{"1":[3,2],"2":[3,2],"3":[2,3],"4":[2,0],"5":[2,1],"6":[5,2]},"f":{"1":5,"2":4,"3":1,"4":3,"5":1,"6":2,"7":3},"fnMap":{"1":{"name":"(anonymous_1)","line":6,"loc":{"start":{"line":6,"column":5},"end":{"line":6,"column":28}}},"2":{"name":"(anonymous_2)","line":15,"loc":{"start":{"line":15,"column":16},"end":{"line":15,"column":35}}},"3":{"name":"(anonymous_3)","line":21,"loc":{"start":{"line":21,"column":19},"end":{"line":21,"column":31}}},"4":{"name":"(anonymous_4)","line":25,"loc":{"start":{"line":25,"column":28},"end":{"line":25,"column":65}}},"5":{"name":"(anonymous_5)","line":26,"loc":{"start":{"line":26,"column":17},"end":{"line":26,"column":29}}},"6":{"name":"(anonymous_6)","line":31,"loc":{"start":{"line":31,"column":19},"end":{"line":31,"column":42}}},"7":{"name":"is","line":46,"loc":{"start":{"line":46,"column":4},"end":{"line":46,"column":30}}}},"statementMap":{"1":{"start":{"line":2,"column":0},"end":{"line":2,"column":35}},"2":{"start":{"line":3,"column":0},"end":{"line":3,"column":38}},"3":{"start":{"line":5,"column":0},"end":{"line":54,"column":1}},"4":{"start":{"line":7,"column":4},"end":{"line":7,"column":27}},"5":{"start":{"line":8,"column":4},"end":{"line":8,"column":27}},"6":{"start":{"line":9,"column":4},"end":{"line":9,"column":22}},"7":{"start":{"line":10,"column":4},"end":{"line":10,"column":24}},"8":{"start":{"line":12,"column":4},"end":{"line":18,"column":5}},"9":{"start":{"line":13,"column":6},"end":{"line":13,"column":19}},"10":{"start":{"line":15,"column":6},"end":{"line":17,"column":7}},"11":{"start":{"line":16,"column":8},"end":{"line":16,"column":29}},"12":{"start":{"line":20,"column":4},"end":{"line":36,"column":5}},"13":{"start":{"line":21,"column":6},"end":{"line":23,"column":7}},"14":{"start":{"line":22,"column":8},"end":{"line":22,"column":24}},"15":{"start":{"line":24,"column":6},"end":{"line":24,"column":39}},"16":{"start":{"line":25,"column":6},"end":{"line":35,"column":8}},"17":{"start":{"line":26,"column":8},"end":{"line":29,"column":10}},"18":{"start":{"line":27,"column":10},"end":{"line":27,"column":31}},"19":{"start":{"line":28,"column":10},"end":{"line":28,"column":44}},"20":{"start":{"line":31,"column":8},"end":{"line":34,"column":9}},"21":{"start":{"line":32,"column":10},"end":{"line":32,"column":44}},"22":{"start":{"line":33,"column":10},"end":{"line":33,"column":36}},"23":{"start":{"line":38,"column":4},"end":{"line":44,"column":5}},"24":{"start":{"line":39,"column":6},"end":{"line":41,"column":7}},"25":{"start":{"line":40,"column":8},"end":{"line":40,"column":42}},"26":{"start":{"line":43,"column":6},"end":{"line":43,"column":25}},"27":{"start":{"line":46,"column":4},"end":{"line":51,"column":5}},"28":{"start":{"line":47,"column":6},"end":{"line":50,"column":7}},"29":{"start":{"line":48,"column":8},"end":{"line":48,"column":29}},"30":{"start":{"line":49,"column":8},"end":{"line":49,"column":40}},"31":{"start":{"line":52,"column":4},"end":{"line":52,"column":26}}},"branchMap":{"1":{"line":12,"type":"if","locations":[{"start":{"line":12,"column":4},"end":{"line":12,"column":4}},{"start":{"line":12,"column":4},"end":{"line":12,"column":4}}]},"2":{"line":20,"type":"if","locations":[{"start":{"line":20,"column":4},"end":{"line":20,"column":4}},{"start":{"line":20,"column":4},"end":{"line":20,"column":4}}]},"3":{"line":38,"type":"if","locations":[{"start":{"line":38,"column":4},"end":{"line":38,"column":4}},{"start":{"line":38,"column":4},"end":{"line":38,"column":4}}]},"4":{"line":39,"type":"if","locations":[{"start":{"line":39,"column":6},"end":{"line":39,"column":6}},{"start":{"line":39,"column":6},"end":{"line":39,"column":6}}]},"5":{"line":47,"type":"if","locations":[{"start":{"line":47,"column":6},"end":{"line":47,"column":6}},{"start":{"line":47,"column":6},"end":{"line":47,"column":6}}]},"6":{"line":52,"type":"binary-expr","locations":[{"start":{"line":52,"column":11},"end":{"line":52,"column":18}},{"start":{"line":52,"column":22},"end":{"line":52,"column":26}}]}}}}